2024-11-17 12:54:24,637 [INFO] sqlalchemy.engine.Engine: BEGIN (implicit)
2024-11-17 12:54:24,638 [INFO] sqlalchemy.engine.Engine: PRAGMA main.table_info("project")
2024-11-17 12:54:24,638 [INFO] sqlalchemy.engine.Engine: [raw sql] ()
2024-11-17 12:54:24,638 [INFO] sqlalchemy.engine.Engine: PRAGMA main.table_info("user")
2024-11-17 12:54:24,638 [INFO] sqlalchemy.engine.Engine: [raw sql] ()
2024-11-17 12:54:24,639 [INFO] sqlalchemy.engine.Engine: COMMIT
2024-11-17 12:59:29,527 [INFO] sqlalchemy.engine.Engine: BEGIN (implicit)
2024-11-17 12:59:29,527 [INFO] sqlalchemy.engine.Engine: PRAGMA main.table_info("project")
2024-11-17 12:59:29,527 [INFO] sqlalchemy.engine.Engine: [raw sql] ()
2024-11-17 12:59:29,528 [INFO] sqlalchemy.engine.Engine: PRAGMA main.table_info("user")
2024-11-17 12:59:29,528 [INFO] sqlalchemy.engine.Engine: [raw sql] ()
2024-11-17 12:59:29,528 [INFO] sqlalchemy.engine.Engine: COMMIT
2024-11-17 13:03:18,936 [INFO] sqlalchemy.engine.Engine: BEGIN (implicit)
2024-11-17 13:03:18,936 [INFO] sqlalchemy.engine.Engine: PRAGMA main.table_info("project")
2024-11-17 13:03:18,936 [INFO] sqlalchemy.engine.Engine: [raw sql] ()
2024-11-17 13:03:18,937 [INFO] sqlalchemy.engine.Engine: PRAGMA main.table_info("user")
2024-11-17 13:03:18,937 [INFO] sqlalchemy.engine.Engine: [raw sql] ()
2024-11-17 13:03:18,937 [INFO] sqlalchemy.engine.Engine: COMMIT
2024-11-17 13:04:01,973 [INFO] sqlalchemy.engine.Engine: BEGIN (implicit)
2024-11-17 13:04:01,973 [INFO] sqlalchemy.engine.Engine: PRAGMA main.table_info("project")
2024-11-17 13:04:01,973 [INFO] sqlalchemy.engine.Engine: [raw sql] ()
2024-11-17 13:04:01,974 [INFO] sqlalchemy.engine.Engine: PRAGMA main.table_info("user")
2024-11-17 13:04:01,974 [INFO] sqlalchemy.engine.Engine: [raw sql] ()
2024-11-17 13:04:01,974 [INFO] sqlalchemy.engine.Engine: COMMIT
2024-11-17 13:04:58,741 [INFO] sqlalchemy.engine.Engine: BEGIN (implicit)
2024-11-17 13:04:58,741 [INFO] sqlalchemy.engine.Engine: PRAGMA main.table_info("project")
2024-11-17 13:04:58,741 [INFO] sqlalchemy.engine.Engine: [raw sql] ()
2024-11-17 13:04:58,742 [INFO] sqlalchemy.engine.Engine: PRAGMA main.table_info("user")
2024-11-17 13:04:58,742 [INFO] sqlalchemy.engine.Engine: [raw sql] ()
2024-11-17 13:04:58,742 [INFO] sqlalchemy.engine.Engine: COMMIT
2024-11-17 13:05:02,273 [INFO] sqlalchemy.engine.Engine: BEGIN (implicit)
2024-11-17 13:05:02,273 [INFO] sqlalchemy.engine.Engine: PRAGMA main.table_info("project")
2024-11-17 13:05:02,273 [INFO] sqlalchemy.engine.Engine: [raw sql] ()
2024-11-17 13:05:02,274 [INFO] sqlalchemy.engine.Engine: PRAGMA main.table_info("user")
2024-11-17 13:05:02,274 [INFO] sqlalchemy.engine.Engine: [raw sql] ()
2024-11-17 13:05:02,274 [INFO] sqlalchemy.engine.Engine: COMMIT
2024-11-17 13:05:18,713 [INFO] sqlalchemy.engine.Engine: BEGIN (implicit)
2024-11-17 13:05:18,718 [INFO] sqlalchemy.engine.Engine: SELECT user.id, user.username, user.created_at 
FROM user 
WHERE user.username = ?
2024-11-17 13:05:18,718 [INFO] sqlalchemy.engine.Engine: [generated in 0.00019s] ('fuck',)
2024-11-17 13:05:18,720 [INFO] sqlalchemy.engine.Engine: SELECT user.id 
FROM user 
WHERE user.id = ?
2024-11-17 13:05:18,720 [INFO] sqlalchemy.engine.Engine: [generated in 0.00012s] (3,)
2024-11-17 13:05:18,722 [INFO] sqlalchemy.engine.Engine: SELECT project.id AS project_id, project.name AS project_name, project.description AS project_description, project.stars AS project_stars, project.forks AS project_forks, project.user_id AS project_user_id 
FROM project 
WHERE ? = project.user_id
2024-11-17 13:05:18,722 [INFO] sqlalchemy.engine.Engine: [generated in 0.00010s] (3,)
2024-11-17 13:05:18,722 [INFO] sqlalchemy.engine.Engine: ROLLBACK
2024-11-17 13:05:18,723 [INFO] sqlalchemy.engine.Engine: BEGIN (implicit)
2024-11-17 13:05:18,723 [INFO] sqlalchemy.engine.Engine: SELECT project.id, project.name, project.description, project.stars, project.forks, project.user_id 
FROM project 
WHERE project.user_id = ?
2024-11-17 13:05:18,723 [INFO] sqlalchemy.engine.Engine: [generated in 0.00008s] (3,)
2024-11-17 13:05:18,724 [INFO] sqlalchemy.engine.Engine: ROLLBACK
