2024-11-16 15:25:41,255 [INFO] sqlalchemy.engine.Engine: BEGIN (implicit)
2024-11-16 15:25:41,255 [INFO] sqlalchemy.engine.Engine: PRAGMA main.table_info("project")
2024-11-16 15:25:41,255 [INFO] sqlalchemy.engine.Engine: [raw sql] ()
2024-11-16 15:25:41,256 [INFO] sqlalchemy.engine.Engine: PRAGMA main.table_info("user")
2024-11-16 15:25:41,256 [INFO] sqlalchemy.engine.Engine: [raw sql] ()
2024-11-16 15:25:41,256 [INFO] sqlalchemy.engine.Engine: COMMIT
2024-11-16 15:27:28,903 [INFO] sqlalchemy.engine.Engine: BEGIN (implicit)
2024-11-16 15:27:28,908 [INFO] sqlalchemy.engine.Engine: SELECT user.id, user.username, user.created_at 
FROM user ORDER BY user.created_at DESC
 LIMIT ? OFFSET ?
2024-11-16 15:27:28,908 [INFO] sqlalchemy.engine.Engine: [generated in 0.00015s] (5, 0)
2024-11-16 15:27:28,909 [INFO] sqlalchemy.engine.Engine: ROLLBACK
2024-11-16 15:28:06,565 [INFO] sqlalchemy.engine.Engine: BEGIN (implicit)
2024-11-16 15:28:06,567 [INFO] sqlalchemy.engine.Engine: SELECT user.id, user.username, user.created_at 
FROM user 
WHERE user.username = ?
2024-11-16 15:28:06,567 [INFO] sqlalchemy.engine.Engine: [generated in 0.00028s] ('babelpainterwell',)
2024-11-16 15:28:06,570 [INFO] sqlalchemy.engine.Engine: SELECT user.id 
FROM user 
WHERE user.id = ?
2024-11-16 15:28:06,570 [INFO] sqlalchemy.engine.Engine: [generated in 0.00016s] (1,)
2024-11-16 15:28:06,572 [INFO] sqlalchemy.engine.Engine: SELECT project.id AS project_id, project.name AS project_name, project.description AS project_description, project.stars AS project_stars, project.forks AS project_forks, project.user_id AS project_user_id 
FROM project 
WHERE ? = project.user_id
2024-11-16 15:28:06,572 [INFO] sqlalchemy.engine.Engine: [generated in 0.00012s] (1,)
2024-11-16 15:28:06,573 [INFO] sqlalchemy.engine.Engine: ROLLBACK
2024-11-16 15:28:06,574 [INFO] sqlalchemy.engine.Engine: BEGIN (implicit)
2024-11-16 15:28:06,574 [INFO] sqlalchemy.engine.Engine: SELECT project.id, project.name, project.description, project.stars, project.forks, project.user_id 
FROM project 
WHERE project.user_id = ?
2024-11-16 15:28:06,574 [INFO] sqlalchemy.engine.Engine: [generated in 0.00012s] (1,)
2024-11-16 15:28:06,575 [INFO] sqlalchemy.engine.Engine: ROLLBACK
2024-11-16 15:29:40,180 [INFO] sqlalchemy.engine.Engine: BEGIN (implicit)
2024-11-16 15:29:40,181 [INFO] sqlalchemy.engine.Engine: PRAGMA main.table_info("project")
2024-11-16 15:29:40,181 [INFO] sqlalchemy.engine.Engine: [raw sql] ()
2024-11-16 15:29:40,182 [INFO] sqlalchemy.engine.Engine: PRAGMA main.table_info("user")
2024-11-16 15:29:40,182 [INFO] sqlalchemy.engine.Engine: [raw sql] ()
2024-11-16 15:29:40,183 [INFO] sqlalchemy.engine.Engine: COMMIT
2024-11-16 15:29:45,672 [INFO] sqlalchemy.engine.Engine: BEGIN (implicit)
2024-11-16 15:29:45,676 [INFO] sqlalchemy.engine.Engine: SELECT project.id, project.name, project.description, project.stars, project.forks, project.user_id 
FROM project ORDER BY project.stars DESC
 LIMIT ? OFFSET ?
2024-11-16 15:29:45,676 [INFO] sqlalchemy.engine.Engine: [generated in 0.00019s] (5, 0)
2024-11-16 15:29:45,677 [INFO] sqlalchemy.engine.Engine: ROLLBACK
2024-11-16 15:35:30,261 [INFO] sqlalchemy.engine.Engine: BEGIN (implicit)
2024-11-16 15:35:30,264 [INFO] sqlalchemy.engine.Engine: SELECT user.id, user.username, user.created_at 
FROM user 
WHERE user.username = ?
2024-11-16 15:35:30,265 [INFO] sqlalchemy.engine.Engine: [generated in 0.00027s] ('luoshuaiqing',)
2024-11-16 15:35:30,265 [INFO] sqlalchemy.engine.Engine: ROLLBACK
2024-11-16 15:35:30,286 [INFO] app.external_services.github_api: Fetching projects for user 'luoshuaiqing' from GitHub API.
2024-11-16 15:35:31,171 [INFO] httpx: HTTP Request: GET https://api.github.com/users/luoshuaiqing/repos "HTTP/1.1 200 OK"
2024-11-16 15:35:31,178 [INFO] sqlalchemy.engine.Engine: BEGIN (implicit)
2024-11-16 15:35:31,181 [INFO] sqlalchemy.engine.Engine: INSERT INTO user (username, created_at) VALUES (?, ?)
2024-11-16 15:35:31,181 [INFO] sqlalchemy.engine.Engine: [generated in 0.00042s] ('luoshuaiqing', '2024-11-16 20:35:31.176015')
2024-11-16 15:35:31,185 [INFO] sqlalchemy.engine.Engine: COMMIT
2024-11-16 15:35:31,194 [INFO] sqlalchemy.engine.Engine: BEGIN (implicit)
2024-11-16 15:35:31,196 [INFO] sqlalchemy.engine.Engine: INSERT INTO project (name, description, stars, forks, user_id) VALUES (?, ?, ?, ?, ?) RETURNING id
2024-11-16 15:35:31,196 [INFO] sqlalchemy.engine.Engine: [generated in 0.00019s (insertmanyvalues) 1/27 (ordered; batch not supported)] ('async-await-kodeco', 'The projects and materials that accompany the Modern Concurrency in Swift book', 0, 0, 2)
2024-11-16 15:35:31,197 [INFO] sqlalchemy.engine.Engine: INSERT INTO project (name, description, stars, forks, user_id) VALUES (?, ?, ?, ?, ?) RETURNING id
2024-11-16 15:35:31,197 [INFO] sqlalchemy.engine.Engine: [insertmanyvalues 2/27 (ordered; batch not supported)] ('Avengers-V.S.-Thanos', 'A Multithreaded Browser Game', 2, 0, 2)
2024-11-16 15:35:31,197 [INFO] sqlalchemy.engine.Engine: INSERT INTO project (name, description, stars, forks, user_id) VALUES (?, ?, ?, ?, ?) RETURNING id
2024-11-16 15:35:31,197 [INFO] sqlalchemy.engine.Engine: [insertmanyvalues 3/27 (ordered; batch not supported)] ('camstudio-mousedown-highlight', 'Modify CamStudio so that the cursor highlight is only displayed when the mouse button is pressed', 0, 0, 2)
2024-11-16 15:35:31,197 [INFO] sqlalchemy.engine.Engine: INSERT INTO project (name, description, stars, forks, user_id) VALUES (?, ?, ?, ?, ?) RETURNING id
2024-11-16 15:35:31,197 [INFO] sqlalchemy.engine.Engine: [insertmanyvalues 4/27 (ordered; batch not supported)] ('Combine-kodeco', 'The projects and the materials that accompany the Combine: Asynchronous Programming With Swift Book', 0, 0, 2)
2024-11-16 15:35:31,198 [INFO] sqlalchemy.engine.Engine: INSERT INTO project (name, description, stars, forks, user_id) VALUES (?, ?, ?, ?, ?) RETURNING id
2024-11-16 15:35:31,198 [INFO] sqlalchemy.engine.Engine: [insertmanyvalues 5/27 (ordered; batch not supported)] ('coronaHub', 'Web Version for coronaHub', 1, 0, 2)
2024-11-16 15:35:31,198 [INFO] sqlalchemy.engine.Engine: INSERT INTO project (name, description, stars, forks, user_id) VALUES (?, ?, ?, ?, ?) RETURNING id
2024-11-16 15:35:31,198 [INFO] sqlalchemy.engine.Engine: [insertmanyvalues 6/27 (ordered; batch not supported)] ('crwn-clothing', 'online shopping website built with React and Stripe', 0, 0, 2)
2024-11-16 15:35:31,198 [INFO] sqlalchemy.engine.Engine: INSERT INTO project (name, description, stars, forks, user_id) VALUES (?, ?, ?, ?, ?) RETURNING id
2024-11-16 15:35:31,198 [INFO] sqlalchemy.engine.Engine: [insertmanyvalues 7/27 (ordered; batch not supported)] ('ee109-lab7', None, 0, 0, 2)
2024-11-16 15:35:31,198 [INFO] sqlalchemy.engine.Engine: INSERT INTO project (name, description, stars, forks, user_id) VALUES (?, ?, ?, ?, ?) RETURNING id
2024-11-16 15:35:31,199 [INFO] sqlalchemy.engine.Engine: [insertmanyvalues 8/27 (ordered; batch not supported)] ('firebase-chat', 'https://www.kodeco.com/22067733-firebase-tutorial-real-time-chat', 0, 0, 2)
2024-11-16 15:35:31,199 [INFO] sqlalchemy.engine.Engine: INSERT INTO project (name, description, stars, forks, user_id) VALUES (?, ?, ?, ?, ?) RETURNING id
2024-11-16 15:35:31,199 [INFO] sqlalchemy.engine.Engine: [insertmanyvalues 9/27 (ordered; batch not supported)] ('InstagramFirestoreClone', None, 0, 0, 2)
2024-11-16 15:35:31,199 [INFO] sqlalchemy.engine.Engine: INSERT INTO project (name, description, stars, forks, user_id) VALUES (?, ?, ?, ?, ?) RETURNING id
2024-11-16 15:35:31,199 [INFO] sqlalchemy.engine.Engine: [insertmanyvalues 10/27 (ordered; batch not supported)] ('itp460', None, 0, 0, 2)
2024-11-16 15:35:31,199 [INFO] sqlalchemy.engine.Engine: INSERT INTO project (name, description, stars, forks, user_id) VALUES (?, ?, ?, ?, ?) RETURNING id
2024-11-16 15:35:31,199 [INFO] sqlalchemy.engine.Engine: [insertmanyvalues 11/27 (ordered; batch not supported)] ('JoinMe', None, 0, 0, 2)
2024-11-16 15:35:31,200 [INFO] sqlalchemy.engine.Engine: INSERT INTO project (name, description, stars, forks, user_id) VALUES (?, ?, ?, ?, ?) RETURNING id
2024-11-16 15:35:31,200 [INFO] sqlalchemy.engine.Engine: [insertmanyvalues 12/27 (ordered; batch not supported)] ('joinme_jobs', None, 0, 0, 2)
2024-11-16 15:35:31,200 [INFO] sqlalchemy.engine.Engine: INSERT INTO project (name, description, stars, forks, user_id) VALUES (?, ?, ?, ?, ?) RETURNING id
2024-11-16 15:35:31,200 [INFO] sqlalchemy.engine.Engine: [insertmanyvalues 13/27 (ordered; batch not supported)] ('machine-leraning', None, 0, 0, 2)
2024-11-16 15:35:31,200 [INFO] sqlalchemy.engine.Engine: INSERT INTO project (name, description, stars, forks, user_id) VALUES (?, ?, ?, ?, ?) RETURNING id
2024-11-16 15:35:31,200 [INFO] sqlalchemy.engine.Engine: [insertmanyvalues 14/27 (ordered; batch not supported)] ('monsters-roledex', 'react project', 0, 0, 2)
2024-11-16 15:35:31,200 [INFO] sqlalchemy.engine.Engine: INSERT INTO project (name, description, stars, forks, user_id) VALUES (?, ?, ?, ?, ?) RETURNING id
2024-11-16 15:35:31,200 [INFO] sqlalchemy.engine.Engine: [insertmanyvalues 15/27 (ordered; batch not supported)] ('MovieTrending-MVVM-Combine-', None, 0, 0, 2)
2024-11-16 15:35:31,201 [INFO] sqlalchemy.engine.Engine: INSERT INTO project (name, description, stars, forks, user_id) VALUES (?, ?, ?, ?, ?) RETURNING id
2024-11-16 15:35:31,201 [INFO] sqlalchemy.engine.Engine: [insertmanyvalues 16/27 (ordered; batch not supported)] ('MVVMBindings', 'https://www.youtube.com/watch?v=iI0LabCYZJo', 0, 0, 2)
2024-11-16 15:35:31,201 [INFO] sqlalchemy.engine.Engine: INSERT INTO project (name, description, stars, forks, user_id) VALUES (?, ?, ?, ?, ?) RETURNING id
2024-11-16 15:35:31,201 [INFO] sqlalchemy.engine.Engine: [insertmanyvalues 17/27 (ordered; batch not supported)] ('Natour', None, 0, 1, 2)
2024-11-16 15:35:31,201 [INFO] sqlalchemy.engine.Engine: INSERT INTO project (name, description, stars, forks, user_id) VALUES (?, ?, ?, ?, ?) RETURNING id
2024-11-16 15:35:31,201 [INFO] sqlalchemy.engine.Engine: [insertmanyvalues 18/27 (ordered; batch not supported)] ('NodeJS-React', 'This is an app built with NodeJS and React', 0, 0, 2)
2024-11-16 15:35:31,202 [INFO] sqlalchemy.engine.Engine: INSERT INTO project (name, description, stars, forks, user_id) VALUES (?, ?, ?, ?, ?) RETURNING id
2024-11-16 15:35:31,202 [INFO] sqlalchemy.engine.Engine: [insertmanyvalues 19/27 (ordered; batch not supported)] ('openAPI', 'testing OpenAPI (Swagger)', 0, 0, 2)
2024-11-16 15:35:31,202 [INFO] sqlalchemy.engine.Engine: INSERT INTO project (name, description, stars, forks, user_id) VALUES (?, ?, ?, ?, ?) RETURNING id
2024-11-16 15:35:31,202 [INFO] sqlalchemy.engine.Engine: [insertmanyvalues 20/27 (ordered; batch not supported)] ('Plaid', None, 0, 0, 2)
2024-11-16 15:35:31,202 [INFO] sqlalchemy.engine.Engine: INSERT INTO project (name, description, stars, forks, user_id) VALUES (?, ?, ?, ?, ?) RETURNING id
2024-11-16 15:35:31,202 [INFO] sqlalchemy.engine.Engine: [insertmanyvalues 21/27 (ordered; batch not supported)] ('Pure-Frontend-Static-Websites', None, 0, 0, 2)
2024-11-16 15:35:31,202 [INFO] sqlalchemy.engine.Engine: INSERT INTO project (name, description, stars, forks, user_id) VALUES (?, ?, ?, ?, ?) RETURNING id
2024-11-16 15:35:31,202 [INFO] sqlalchemy.engine.Engine: [insertmanyvalues 22/27 (ordered; batch not supported)] ('Scrabble', 'Game', 1, 0, 2)
2024-11-16 15:35:31,203 [INFO] sqlalchemy.engine.Engine: INSERT INTO project (name, description, stars, forks, user_id) VALUES (?, ?, ?, ?, ?) RETURNING id
2024-11-16 15:35:31,203 [INFO] sqlalchemy.engine.Engine: [insertmanyvalues 23/27 (ordered; batch not supported)] ('SideMenu', None, 0, 0, 2)
2024-11-16 15:35:31,203 [INFO] sqlalchemy.engine.Engine: INSERT INTO project (name, description, stars, forks, user_id) VALUES (?, ?, ?, ?, ?) RETURNING id
2024-11-16 15:35:31,203 [INFO] sqlalchemy.engine.Engine: [insertmanyvalues 24/27 (ordered; batch not supported)] ('SwiftUI', 'https://www.udemy.com/course/the-ultimate-60-hours-ios-development-bootcamp/?couponCode=LEADERSALE24B', 0, 0, 2)
2024-11-16 15:35:31,203 [INFO] sqlalchemy.engine.Engine: INSERT INTO project (name, description, stars, forks, user_id) VALUES (?, ?, ?, ?, ?) RETURNING id
2024-11-16 15:35:31,203 [INFO] sqlalchemy.engine.Engine: [insertmanyvalues 25/27 (ordered; batch not supported)] ('twitterClone', 'Twitter Clone', 0, 0, 2)
2024-11-16 15:35:31,203 [INFO] sqlalchemy.engine.Engine: INSERT INTO project (name, description, stars, forks, user_id) VALUES (?, ?, ?, ?, ?) RETURNING id
2024-11-16 15:35:31,203 [INFO] sqlalchemy.engine.Engine: [insertmanyvalues 26/27 (ordered; batch not supported)] ('UberClone', 'iOS Version Clone of Uber', 0, 0, 2)
2024-11-16 15:35:31,204 [INFO] sqlalchemy.engine.Engine: INSERT INTO project (name, description, stars, forks, user_id) VALUES (?, ?, ?, ?, ?) RETURNING id
2024-11-16 15:35:31,204 [INFO] sqlalchemy.engine.Engine: [insertmanyvalues 27/27 (ordered; batch not supported)] ('udemy-gRPC', 'https://www.udemy.com/course/building-web-apis-with-grpc-the-complete-guide', 0, 0, 2)
2024-11-16 15:35:31,204 [INFO] sqlalchemy.engine.Engine: COMMIT
2024-11-16 15:35:48,863 [INFO] sqlalchemy.engine.Engine: BEGIN (implicit)
2024-11-16 15:35:48,864 [INFO] sqlalchemy.engine.Engine: SELECT user.id, user.username, user.created_at 
FROM user 
WHERE user.username = ?
2024-11-16 15:35:48,864 [INFO] sqlalchemy.engine.Engine: [cached since 18.6s ago] ('luoshuaiqing',)
2024-11-16 15:35:48,866 [INFO] sqlalchemy.engine.Engine: SELECT user.id 
FROM user 
WHERE user.id = ?
2024-11-16 15:35:48,866 [INFO] sqlalchemy.engine.Engine: [generated in 0.00014s] (2,)
2024-11-16 15:35:48,868 [INFO] sqlalchemy.engine.Engine: SELECT project.id AS project_id, project.name AS project_name, project.description AS project_description, project.stars AS project_stars, project.forks AS project_forks, project.user_id AS project_user_id 
FROM project 
WHERE ? = project.user_id
2024-11-16 15:35:48,868 [INFO] sqlalchemy.engine.Engine: [generated in 0.00013s] (2,)
2024-11-16 15:35:48,868 [INFO] sqlalchemy.engine.Engine: ROLLBACK
2024-11-16 15:35:48,869 [INFO] sqlalchemy.engine.Engine: BEGIN (implicit)
2024-11-16 15:35:48,870 [INFO] sqlalchemy.engine.Engine: SELECT project.id, project.name, project.description, project.stars, project.forks, project.user_id 
FROM project 
WHERE project.user_id = ?
2024-11-16 15:35:48,870 [INFO] sqlalchemy.engine.Engine: [generated in 0.00009s] (2,)
2024-11-16 15:35:48,870 [INFO] sqlalchemy.engine.Engine: ROLLBACK
2024-11-16 15:36:08,347 [INFO] sqlalchemy.engine.Engine: BEGIN (implicit)
2024-11-16 15:36:08,348 [INFO] sqlalchemy.engine.Engine: SELECT user.id, user.username, user.created_at 
FROM user ORDER BY user.created_at DESC
 LIMIT ? OFFSET ?
2024-11-16 15:36:08,348 [INFO] sqlalchemy.engine.Engine: [generated in 0.00028s] (5, 0)
2024-11-16 15:36:08,349 [INFO] sqlalchemy.engine.Engine: ROLLBACK
2024-11-16 15:44:47,507 [INFO] sqlalchemy.engine.Engine: BEGIN (implicit)
2024-11-16 15:44:47,508 [INFO] sqlalchemy.engine.Engine: PRAGMA main.table_info("project")
2024-11-16 15:44:47,508 [INFO] sqlalchemy.engine.Engine: [raw sql] ()
2024-11-16 15:44:47,508 [INFO] sqlalchemy.engine.Engine: PRAGMA main.table_info("user")
2024-11-16 15:44:47,508 [INFO] sqlalchemy.engine.Engine: [raw sql] ()
2024-11-16 15:44:47,509 [INFO] sqlalchemy.engine.Engine: COMMIT
2024-11-16 15:45:11,668 [INFO] sqlalchemy.engine.Engine: BEGIN (implicit)
2024-11-16 15:45:11,668 [INFO] sqlalchemy.engine.Engine: PRAGMA main.table_info("project")
2024-11-16 15:45:11,668 [INFO] sqlalchemy.engine.Engine: [raw sql] ()
2024-11-16 15:45:11,669 [INFO] sqlalchemy.engine.Engine: PRAGMA main.table_info("user")
2024-11-16 15:45:11,669 [INFO] sqlalchemy.engine.Engine: [raw sql] ()
2024-11-16 15:45:11,669 [INFO] sqlalchemy.engine.Engine: COMMIT
